2025-10-15 10:14:13.246 [info] [main] Log level: Info
2025-10-15 10:14:13.246 [info] [main] Validating found git in: "git"
2025-10-15 10:14:13.246 [info] [main] Using git "2.43.0" from "git"
2025-10-15 10:14:13.246 [info] [Model][doInitialScan] Initial repository scan started
2025-10-15 10:14:13.246 [info] > git config --get remote.origin.url [6ms]
2025-10-15 10:14:13.246 [info] > git rev-parse --show-toplevel [18ms]
2025-10-15 10:14:13.246 [info] fatal: not a git repository (or any of the parent directories): .git
2025-10-15 10:14:13.246 [info] [Model][doInitialScan] Initial repository scan completed - repositories (0), closed repositories (0), parent repositories (0), unsafe repositories (0)
2025-10-15 10:14:13.443 [info] > git rev-parse --show-toplevel [1ms]
2025-10-15 10:14:13.444 [info] fatal: not a git repository (or any of the parent directories): .git
2025-10-15 10:14:13.458 [info] > git symbolic-ref --short refs/remotes/origin/HEAD [2ms]
2025-10-15 10:14:13.459 [info] fatal: not a git repository (or any of the parent directories): .git
2025-10-15 10:14:13.465 [info] > git rev-parse --verify origin/main [1ms]
2025-10-15 10:14:13.465 [info] fatal: not a git repository (or any of the parent directories): .git
2025-10-15 10:14:13.470 [info] > git rev-parse --verify origin/master [1ms]
2025-10-15 10:14:13.470 [info] fatal: not a git repository (or any of the parent directories): .git
2025-10-15 10:14:13.475 [info] > git rev-parse --verify origin/develop [2ms]
2025-10-15 10:14:13.475 [info] fatal: not a git repository (or any of the parent directories): .git
2025-10-15 10:14:13.480 [info] > git branch -r [1ms]
2025-10-15 10:14:13.481 [info] fatal: not a git repository (or any of the parent directories): .git
2025-10-15 10:14:13.487 [info] > git config --get init.defaultBranch [1ms]
2025-10-15 10:14:23.037 [info] > git config --global user.name [1ms]
2025-10-15 10:14:23.040 [info] > git config --global user.email [0ms]
2025-10-15 10:14:23.040 [info] [main] Stored git author name in global state:  <>
2025-10-15 10:14:32.902 [info] > git init -b main [22ms]
2025-10-15 10:14:32.908 [info] > git rev-parse --show-toplevel [1ms]
2025-10-15 10:14:32.915 [info] > git rev-parse --git-dir --git-common-dir [0ms]
2025-10-15 10:14:32.925 [info] [Model][openRepository] Opened repository: /home/cleitonanjos/.cursor-server
2025-10-15 10:14:32.934 [info] > git config --get commit.template [1ms]
2025-10-15 10:14:32.940 [info] [Git][getRemotes] No remotes found in the git config file
2025-10-15 10:14:32.940 [info] [Git][getRemotes] No remotes found in the git config file
2025-10-15 10:14:32.941 [info] > git for-each-ref --format=%(refname)%00%(upstream:short)%00%(objectname)%00%(upstream:track)%00%(upstream:remotename)%00%(upstream:remoteref) refs/heads/main refs/remotes/main [2ms]
2025-10-15 10:14:32.941 [warning] [Git][getBranch] No such branch: main
2025-10-15 10:14:32.968 [info] > git for-each-ref --sort -committerdate --format %(refname)%00%(objectname)%00%(*objectname) [20ms]
2025-10-15 10:14:32.971 [info] > git status -z -uall [27ms]
2025-10-15 10:14:33.020 [info] > git for-each-ref --format=%(refname)%00%(upstream:short)%00%(objectname)%00%(upstream:track)%00%(upstream:remotename)%00%(upstream:remoteref) refs/heads/main refs/remotes/main [7ms]
2025-10-15 10:14:33.021 [warning] [Git][getBranch] No such branch: main
2025-10-15 10:14:33.021 [error] [GitHistoryProvider][resolveHEADMergeBase] Failed to resolve merge base for main: Error: No such branch: main.
2025-10-15 10:14:33.312 [info] > git config --get commit.template [291ms]
2025-10-15 10:14:33.318 [info] > git log --format=%H%n%aN%n%aE%n%at%n%ct%n%P%n%D%n%B -z --shortstat --diff-merges=first-parent -n50 --skip=0 --topo-order --decorate=full --stdin [14ms]
2025-10-15 10:14:33.318 [info] fatal: bad revision 'refs/heads/main'
2025-10-15 10:14:33.319 [error] [GitHistoryProvider][provideHistoryItems] Failed to get history items with options '{"historyItemRefs":["refs/heads/main"],"limit":50,"skip":0}': Failed to execute git {
  "exitCode": 128,
  "gitCommand": "log",
  "stdout": "",
  "stderr": "fatal: bad revision 'refs/heads/main'\n"
}
2025-10-15 10:14:33.319 [info] [Git][getRemotes] No remotes found in the git config file
2025-10-15 10:14:33.323 [info] > git rev-parse --abbrev-ref HEAD [6ms]
2025-10-15 10:14:33.323 [info] fatal: ambiguous argument 'HEAD': unknown revision or path not in the working tree.
Use '--' to separate paths from revisions, like this:
'git <command> [<revision>...] -- [<file>...]'
2025-10-15 10:14:33.324 [info] > git for-each-ref --format=%(refname)%00%(upstream:short)%00%(objectname)%00%(upstream:track)%00%(upstream:remotename)%00%(upstream:remoteref) refs/heads/main refs/remotes/main [1ms]
2025-10-15 10:14:33.324 [warning] [Git][getBranch] No such branch: main
2025-10-15 10:14:33.329 [info] > git for-each-ref --sort -committerdate --format %(refname)%00%(objectname)%00%(*objectname) [0ms]
2025-10-15 10:14:33.339 [info] > git status -z -uall [13ms]
2025-10-15 10:14:33.687 [info] > git rev-parse --show-toplevel [7ms]
2025-10-15 10:14:34.189 [info] > git check-ignore -v -z --stdin [4ms]
2025-10-15 10:14:40.441 [info] > git config --get commit.template [2ms]
2025-10-15 10:14:40.447 [info] [Git][getRemotes] No remotes found in the git config file
2025-10-15 10:14:40.451 [info] > git for-each-ref --format=%(refname)%00%(upstream:short)%00%(objectname)%00%(upstream:track)%00%(upstream:remotename)%00%(upstream:remoteref) refs/heads/main refs/remotes/main [4ms]
2025-10-15 10:14:40.451 [warning] [Git][getBranch] No such branch: main
2025-10-15 10:14:40.464 [info] > git for-each-ref --sort -committerdate --format %(refname)%00%(objectname)%00%(*objectname) [1ms]
2025-10-15 10:14:40.476 [info] > git status -z -uall [19ms]
2025-10-15 10:14:45.523 [info] > git config --get commit.template [7ms]
2025-10-15 10:14:45.523 [info] [Git][getRemotes] No remotes found in the git config file
2025-10-15 10:14:45.524 [info] > git for-each-ref --format=%(refname)%00%(upstream:short)%00%(objectname)%00%(upstream:track)%00%(upstream:remotename)%00%(upstream:remoteref) refs/heads/main refs/remotes/main [2ms]
2025-10-15 10:14:45.524 [warning] [Git][getBranch] No such branch: main
2025-10-15 10:14:45.539 [info] > git for-each-ref --sort -committerdate --format %(refname)%00%(objectname)%00%(*objectname) [2ms]
2025-10-15 10:14:45.554 [info] > git status -z -uall [24ms]
2025-10-15 10:14:50.590 [info] > git config --get commit.template [2ms]
2025-10-15 10:14:50.590 [info] [Git][getRemotes] No remotes found in the git config file
2025-10-15 10:14:50.599 [info] > git for-each-ref --format=%(refname)%00%(upstream:short)%00%(objectname)%00%(upstream:track)%00%(upstream:remotename)%00%(upstream:remoteref) refs/heads/main refs/remotes/main [1ms]
2025-10-15 10:14:50.599 [warning] [Git][getBranch] No such branch: main
2025-10-15 10:14:50.611 [info] > git for-each-ref --sort -committerdate --format %(refname)%00%(objectname)%00%(*objectname) [1ms]
2025-10-15 10:14:50.622 [info] > git status -z -uall [18ms]
2025-10-15 10:14:53.340 [info] > git check-ignore -v -z --stdin [1ms]
2025-10-15 10:14:55.660 [info] [Git][getRemotes] No remotes found in the git config file
2025-10-15 10:14:55.661 [info] > git config --get commit.template [6ms]
2025-10-15 10:14:55.661 [info] > git for-each-ref --format=%(refname)%00%(upstream:short)%00%(objectname)%00%(upstream:track)%00%(upstream:remotename)%00%(upstream:remoteref) refs/heads/main refs/remotes/main [1ms]
2025-10-15 10:14:55.661 [warning] [Git][getBranch] No such branch: main
2025-10-15 10:14:55.676 [info] > git for-each-ref --sort -committerdate --format %(refname)%00%(objectname)%00%(*objectname) [4ms]
2025-10-15 10:14:55.693 [info] > git status -z -uall [27ms]
2025-10-15 10:14:56.860 [info] > git check-ignore -v -z --stdin [2ms]
2025-10-15 10:14:58.868 [info] > git check-ignore -v -z --stdin [2ms]
2025-10-15 10:15:00.739 [info] > git config --get commit.template [2ms]
2025-10-15 10:15:00.747 [info] [Git][getRemotes] No remotes found in the git config file
2025-10-15 10:15:00.747 [info] > git for-each-ref --format=%(refname)%00%(upstream:short)%00%(objectname)%00%(upstream:track)%00%(upstream:remotename)%00%(upstream:remoteref) refs/heads/main refs/remotes/main [0ms]
2025-10-15 10:15:00.748 [warning] [Git][getBranch] No such branch: main
2025-10-15 10:15:00.759 [info] > git for-each-ref --sort -committerdate --format %(refname)%00%(objectname)%00%(*objectname) [1ms]
2025-10-15 10:15:00.769 [info] > git status -z -uall [16ms]
2025-10-15 10:15:05.805 [info] > git config --get commit.template [2ms]
2025-10-15 10:15:05.811 [info] [Git][getRemotes] No remotes found in the git config file
2025-10-15 10:15:05.812 [info] > git for-each-ref --format=%(refname)%00%(upstream:short)%00%(objectname)%00%(upstream:track)%00%(upstream:remotename)%00%(upstream:remoteref) refs/heads/main refs/remotes/main [2ms]
2025-10-15 10:15:05.812 [warning] [Git][getBranch] No such branch: main
2025-10-15 10:15:05.828 [info] > git for-each-ref --sort -committerdate --format %(refname)%00%(objectname)%00%(*objectname) [1ms]
2025-10-15 10:15:05.841 [info] > git status -z -uall [21ms]
2025-10-15 10:15:13.167 [info] > git config --get commit.template [1ms]
2025-10-15 10:15:13.173 [info] [Git][getRemotes] No remotes found in the git config file
2025-10-15 10:15:13.174 [info] > git for-each-ref --format=%(refname)%00%(upstream:short)%00%(objectname)%00%(upstream:track)%00%(upstream:remotename)%00%(upstream:remoteref) refs/heads/main refs/remotes/main [1ms]
2025-10-15 10:15:13.174 [warning] [Git][getBranch] No such branch: main
2025-10-15 10:15:13.188 [info] > git for-each-ref --sort -committerdate --format %(refname)%00%(objectname)%00%(*objectname) [2ms]
2025-10-15 10:15:13.200 [info] > git status -z -uall [20ms]
2025-10-15 10:15:19.742 [info] > git config --get commit.template [2ms]
2025-10-15 10:15:19.748 [info] [Git][getRemotes] No remotes found in the git config file
2025-10-15 10:15:19.749 [info] > git for-each-ref --format=%(refname)%00%(upstream:short)%00%(objectname)%00%(upstream:track)%00%(upstream:remotename)%00%(upstream:remoteref) refs/heads/main refs/remotes/main [1ms]
2025-10-15 10:15:19.749 [warning] [Git][getBranch] No such branch: main
2025-10-15 10:15:19.760 [info] > git for-each-ref --sort -committerdate --format %(refname)%00%(objectname)%00%(*objectname) [1ms]
2025-10-15 10:15:19.769 [info] > git status -z -uall [15ms]
2025-10-15 10:15:24.812 [info] [Git][getRemotes] No remotes found in the git config file
2025-10-15 10:15:24.813 [info] > git config --get commit.template [10ms]
2025-10-15 10:15:24.815 [info] > git for-each-ref --format=%(refname)%00%(upstream:short)%00%(objectname)%00%(upstream:track)%00%(upstream:remotename)%00%(upstream:remoteref) refs/heads/main refs/remotes/main [3ms]
2025-10-15 10:15:24.815 [warning] [Git][getBranch] No such branch: main
2025-10-15 10:15:24.831 [info] > git for-each-ref --sort -committerdate --format %(refname)%00%(objectname)%00%(*objectname) [2ms]
2025-10-15 10:15:24.848 [info] > git status -z -uall [27ms]
2025-10-15 10:15:48.851 [info] > git config --get commit.template [4ms]
2025-10-15 10:15:48.863 [info] [Git][getRemotes] No remotes found in the git config file
2025-10-15 10:15:48.865 [info] > git for-each-ref --format=%(refname)%00%(upstream:short)%00%(objectname)%00%(upstream:track)%00%(upstream:remotename)%00%(upstream:remoteref) refs/heads/main refs/remotes/main [2ms]
2025-10-15 10:15:48.865 [warning] [Git][getBranch] No such branch: main
2025-10-15 10:15:48.878 [info] > git for-each-ref --sort -committerdate --format %(refname)%00%(objectname)%00%(*objectname) [1ms]
2025-10-15 10:15:48.888 [info] > git status -z -uall [17ms]
2025-10-15 10:15:53.931 [info] [Git][getRemotes] No remotes found in the git config file
2025-10-15 10:15:53.931 [info] > git config --get commit.template [5ms]
2025-10-15 10:15:53.931 [info] > git for-each-ref --format=%(refname)%00%(upstream:short)%00%(objectname)%00%(upstream:track)%00%(upstream:remotename)%00%(upstream:remoteref) refs/heads/main refs/remotes/main [1ms]
2025-10-15 10:15:53.931 [warning] [Git][getBranch] No such branch: main
2025-10-15 10:15:53.949 [info] > git for-each-ref --sort -committerdate --format %(refname)%00%(objectname)%00%(*objectname) [2ms]
2025-10-15 10:15:53.979 [info] > git status -z -uall [43ms]
2025-10-15 10:15:59.018 [info] > git config --get commit.template [1ms]
2025-10-15 10:15:59.026 [info] [Git][getRemotes] No remotes found in the git config file
2025-10-15 10:15:59.026 [info] > git for-each-ref --format=%(refname)%00%(upstream:short)%00%(objectname)%00%(upstream:track)%00%(upstream:remotename)%00%(upstream:remoteref) refs/heads/main refs/remotes/main [1ms]
2025-10-15 10:15:59.027 [warning] [Git][getBranch] No such branch: main
2025-10-15 10:15:59.046 [info] > git for-each-ref --sort -committerdate --format %(refname)%00%(objectname)%00%(*objectname) [2ms]
2025-10-15 10:15:59.065 [info] > git status -z -uall [29ms]
2025-10-15 10:16:04.107 [info] > git config --get commit.template [3ms]
2025-10-15 10:16:04.115 [info] [Git][getRemotes] No remotes found in the git config file
2025-10-15 10:16:04.117 [info] > git for-each-ref --format=%(refname)%00%(upstream:short)%00%(objectname)%00%(upstream:track)%00%(upstream:remotename)%00%(upstream:remoteref) refs/heads/main refs/remotes/main [3ms]
2025-10-15 10:16:04.118 [warning] [Git][getBranch] No such branch: main
2025-10-15 10:16:04.143 [info] > git for-each-ref --sort -committerdate --format %(refname)%00%(objectname)%00%(*objectname) [3ms]
2025-10-15 10:16:04.163 [info] > git status -z -uall [34ms]
2025-10-15 10:16:09.206 [info] > git config --get commit.template [1ms]
2025-10-15 10:16:09.212 [info] [Git][getRemotes] No remotes found in the git config file
2025-10-15 10:16:09.213 [info] > git for-each-ref --format=%(refname)%00%(upstream:short)%00%(objectname)%00%(upstream:track)%00%(upstream:remotename)%00%(upstream:remoteref) refs/heads/main refs/remotes/main [2ms]
2025-10-15 10:16:09.213 [warning] [Git][getBranch] No such branch: main
2025-10-15 10:16:09.227 [info] > git for-each-ref --sort -committerdate --format %(refname)%00%(objectname)%00%(*objectname) [1ms]
2025-10-15 10:16:09.237 [info] > git status -z -uall [18ms]
2025-10-15 10:16:14.278 [info] [Git][getRemotes] No remotes found in the git config file
2025-10-15 10:16:14.278 [info] > git for-each-ref --format=%(refname)%00%(upstream:short)%00%(objectname)%00%(upstream:track)%00%(upstream:remotename)%00%(upstream:remoteref) refs/heads/main refs/remotes/main [1ms]
2025-10-15 10:16:14.278 [warning] [Git][getBranch] No such branch: main
2025-10-15 10:16:14.279 [info] > git config --get commit.template [8ms]
2025-10-15 10:16:14.293 [info] > git for-each-ref --sort -committerdate --format %(refname)%00%(objectname)%00%(*objectname) [2ms]
2025-10-15 10:16:14.313 [info] > git status -z -uall [28ms]
2025-10-15 10:16:21.705 [info] > git config --get commit.template [1ms]
2025-10-15 10:16:21.710 [info] [Git][getRemotes] No remotes found in the git config file
2025-10-15 10:16:21.711 [info] > git for-each-ref --format=%(refname)%00%(upstream:short)%00%(objectname)%00%(upstream:track)%00%(upstream:remotename)%00%(upstream:remoteref) refs/heads/main refs/remotes/main [1ms]
2025-10-15 10:16:21.712 [warning] [Git][getBranch] No such branch: main
2025-10-15 10:16:21.727 [info] > git for-each-ref --sort -committerdate --format %(refname)%00%(objectname)%00%(*objectname) [2ms]
2025-10-15 10:16:21.741 [info] > git status -z -uall [23ms]
2025-10-15 10:19:07.441 [info] > git rev-parse --show-toplevel [2ms]
2025-10-15 10:23:32.974 [info] [Git][getRemotes] No remotes found in the git config file
2025-10-15 10:23:32.987 [info] > git config --get commit.template [27ms]
2025-10-15 10:23:32.990 [info] > git for-each-ref --format=%(refname)%00%(upstream:short)%00%(objectname)%00%(upstream:track)%00%(upstream:remotename)%00%(upstream:remoteref) refs/heads/main refs/remotes/main [17ms]
2025-10-15 10:23:32.991 [warning] [Git][getBranch] No such branch: main
2025-10-15 10:23:33.009 [info] > git for-each-ref --sort -committerdate --format %(refname)%00%(objectname)%00%(*objectname) [3ms]
2025-10-15 10:23:33.259 [info] > git status -z -uall [262ms]
2025-10-15 10:23:33.628 [info] > git check-ignore -v -z --stdin [12ms]
2025-10-15 10:23:35.714 [info] > git log --format=%H%n%aN%n%aE%n%at%n%ct%n%P%n%D%n%B -z --shortstat --diff-merges=first-parent -n50 --skip=0 --topo-order --decorate=full --stdin [4ms]
2025-10-15 10:23:35.714 [info] fatal: bad revision 'refs/heads/main'
2025-10-15 10:23:35.715 [error] [GitHistoryProvider][provideHistoryItems] Failed to get history items with options '{"historyItemRefs":["refs/heads/main"],"limit":50,"skip":0}': Failed to execute git {
  "exitCode": 128,
  "gitCommand": "log",
  "stdout": "",
  "stderr": "fatal: bad revision 'refs/heads/main'\n"
}
2025-10-15 10:23:38.317 [info] > git config --get commit.template [1ms]
2025-10-15 10:23:38.320 [info] [Git][getRemotes] No remotes found in the git config file
2025-10-15 10:23:38.321 [info] > git for-each-ref --format=%(refname)%00%(upstream:short)%00%(objectname)%00%(upstream:track)%00%(upstream:remotename)%00%(upstream:remoteref) refs/heads/main refs/remotes/main [1ms]
2025-10-15 10:23:38.321 [warning] [Git][getBranch] No such branch: main
2025-10-15 10:23:38.331 [info] > git for-each-ref --sort -committerdate --format %(refname)%00%(objectname)%00%(*objectname) [1ms]
2025-10-15 10:23:38.347 [info] > git status -z -uall [23ms]
2025-10-15 10:23:43.394 [info] > git config --get commit.template [1ms]
2025-10-15 10:23:43.395 [info] [Git][getRemotes] No remotes found in the git config file
2025-10-15 10:23:43.401 [info] > git for-each-ref --format=%(refname)%00%(upstream:short)%00%(objectname)%00%(upstream:track)%00%(upstream:remotename)%00%(upstream:remoteref) refs/heads/main refs/remotes/main [1ms]
2025-10-15 10:23:43.401 [warning] [Git][getBranch] No such branch: main
2025-10-15 10:23:43.415 [info] > git for-each-ref --sort -committerdate --format %(refname)%00%(objectname)%00%(*objectname) [1ms]
2025-10-15 10:23:43.440 [info] > git status -z -uall [34ms]
2025-10-15 10:23:44.514 [info] > git check-ignore -v -z --stdin [2ms]
2025-10-15 10:23:50.315 [info] [Git][getRemotes] No remotes found in the git config file
2025-10-15 10:23:50.316 [info] > git config --get commit.template [4ms]
2025-10-15 10:23:50.316 [info] > git for-each-ref --format=%(refname)%00%(upstream:short)%00%(objectname)%00%(upstream:track)%00%(upstream:remotename)%00%(upstream:remoteref) refs/heads/main refs/remotes/main [1ms]
2025-10-15 10:23:50.316 [warning] [Git][getBranch] No such branch: main
2025-10-15 10:23:50.325 [info] > git for-each-ref --sort -committerdate --format %(refname)%00%(objectname)%00%(*objectname) [1ms]
2025-10-15 10:23:50.336 [info] > git status -z -uall [17ms]
2025-10-15 10:23:55.866 [info] [Git][getRemotes] No remotes found in the git config file
2025-10-15 10:23:55.867 [info] > git config --get commit.template [2ms]
2025-10-15 10:23:55.872 [info] > git for-each-ref --format=%(refname)%00%(upstream:short)%00%(objectname)%00%(upstream:track)%00%(upstream:remotename)%00%(upstream:remoteref) refs/heads/main refs/remotes/main [1ms]
2025-10-15 10:23:55.872 [warning] [Git][getBranch] No such branch: main
2025-10-15 10:23:55.881 [info] > git for-each-ref --sort -committerdate --format %(refname)%00%(objectname)%00%(*objectname) [1ms]
2025-10-15 10:23:55.900 [info] > git status -z -uall [24ms]
2025-10-15 10:23:59.127 [info] > git check-ignore -v -z --stdin [1ms]
2025-10-15 10:24:01.877 [info] > git config --get commit.template [2ms]
2025-10-15 10:24:01.883 [info] [Git][getRemotes] No remotes found in the git config file
2025-10-15 10:24:01.883 [info] > git for-each-ref --format=%(refname)%00%(upstream:short)%00%(objectname)%00%(upstream:track)%00%(upstream:remotename)%00%(upstream:remoteref) refs/heads/main refs/remotes/main [1ms]
2025-10-15 10:24:01.883 [warning] [Git][getBranch] No such branch: main
2025-10-15 10:24:01.899 [info] > git for-each-ref --sort -committerdate --format %(refname)%00%(objectname)%00%(*objectname) [2ms]
2025-10-15 10:24:01.920 [info] > git status -z -uall [31ms]
2025-10-15 10:24:06.954 [info] > git config --get commit.template [1ms]
2025-10-15 10:24:06.954 [info] [Git][getRemotes] No remotes found in the git config file
2025-10-15 10:24:06.960 [info] > git for-each-ref --format=%(refname)%00%(upstream:short)%00%(objectname)%00%(upstream:track)%00%(upstream:remotename)%00%(upstream:remoteref) refs/heads/main refs/remotes/main [2ms]
2025-10-15 10:24:06.960 [warning] [Git][getBranch] No such branch: main
2025-10-15 10:24:06.969 [info] > git for-each-ref --sort -committerdate --format %(refname)%00%(objectname)%00%(*objectname) [1ms]
2025-10-15 10:24:06.979 [info] > git status -z -uall [15ms]
2025-10-15 10:24:07.661 [info] > git rev-parse --show-toplevel [4ms]
2025-10-15 10:24:08.053 [info] > git config user.email [1ms]
2025-10-15 10:24:08.057 [info] > git config user.name [1ms]
2025-10-15 10:24:08.065 [info] > git log --pretty=format:%H<|ENT|><|RY|>%s<|COM|><|MIT|> -n 10 --author cleitonanjos [1ms]
2025-10-15 10:24:08.065 [info] fatal: your current branch 'main' does not have any commits yet
2025-10-15 10:24:12.020 [info] [Git][getRemotes] No remotes found in the git config file
2025-10-15 10:24:12.028 [info] > git config --get commit.template [9ms]
2025-10-15 10:24:12.029 [info] > git for-each-ref --format=%(refname)%00%(upstream:short)%00%(objectname)%00%(upstream:track)%00%(upstream:remotename)%00%(upstream:remoteref) refs/heads/main refs/remotes/main [2ms]
2025-10-15 10:24:12.029 [warning] [Git][getBranch] No such branch: main
2025-10-15 10:24:12.046 [info] > git for-each-ref --sort -committerdate --format %(refname)%00%(objectname)%00%(*objectname) [2ms]
2025-10-15 10:24:12.078 [info] > git status -z -uall [43ms]
2025-10-15 10:24:17.162 [info] > git config --get commit.template [1ms]
2025-10-15 10:24:17.165 [info] [Git][getRemotes] No remotes found in the git config file
2025-10-15 10:24:17.165 [info] > git for-each-ref --format=%(refname)%00%(upstream:short)%00%(objectname)%00%(upstream:track)%00%(upstream:remotename)%00%(upstream:remoteref) refs/heads/main refs/remotes/main [0ms]
2025-10-15 10:24:17.165 [warning] [Git][getBranch] No such branch: main
2025-10-15 10:24:17.173 [info] > git for-each-ref --sort -committerdate --format %(refname)%00%(objectname)%00%(*objectname) [0ms]
2025-10-15 10:24:17.182 [info] > git status -z -uall [14ms]
2025-10-15 10:24:18.131 [info] > git check-ignore -v -z --stdin [0ms]
2025-10-15 10:24:24.937 [info] > git config --get commit.template [1ms]
2025-10-15 10:24:24.941 [info] [Git][getRemotes] No remotes found in the git config file
2025-10-15 10:24:24.943 [info] > git for-each-ref --format=%(refname)%00%(upstream:short)%00%(objectname)%00%(upstream:track)%00%(upstream:remotename)%00%(upstream:remoteref) refs/heads/main refs/remotes/main [1ms]
2025-10-15 10:24:24.943 [warning] [Git][getBranch] No such branch: main
2025-10-15 10:24:24.956 [info] > git for-each-ref --sort -committerdate --format %(refname)%00%(objectname)%00%(*objectname) [1ms]
2025-10-15 10:24:24.969 [info] > git status -z -uall [21ms]
2025-10-15 10:24:30.023 [info] > git config --get commit.template [2ms]
2025-10-15 10:24:30.024 [info] [Git][getRemotes] No remotes found in the git config file
2025-10-15 10:24:30.035 [info] > git for-each-ref --format=%(refname)%00%(upstream:short)%00%(objectname)%00%(upstream:track)%00%(upstream:remotename)%00%(upstream:remoteref) refs/heads/main refs/remotes/main [2ms]
2025-10-15 10:24:30.035 [warning] [Git][getBranch] No such branch: main
2025-10-15 10:24:30.048 [info] > git for-each-ref --sort -committerdate --format %(refname)%00%(objectname)%00%(*objectname) [2ms]
2025-10-15 10:24:30.065 [info] > git status -z -uall [26ms]
2025-10-15 10:24:35.451 [info] > git show --textconv :Metabase/Dashboards [9ms]
2025-10-15 10:24:35.462 [info] > git ls-files --stage -- Metabase/Dashboards [12ms]
2025-10-15 10:24:35.472 [info] > git hash-object -t tree /dev/null [14ms]
2025-10-15 10:24:35.473 [warning] [GitFileSystemProvider][readFile] File not found - git:/home/cleitonanjos/.cursor-server/Metabase/Dashboards.git?%7B%22path%22%3A%22%2Fhome%2Fcleitonanjos%2F.cursor-server%2FMetabase%2FDashboards%22%2C%22ref%22%3A%22%22%7D
2025-10-15 10:24:35.474 [info] > git hash-object -t tree /dev/null [2ms]
2025-10-15 10:24:35.475 [warning] [GitFileSystemProvider][stat] File not found - git:/home/cleitonanjos/.cursor-server/Metabase/Dashboards.git?%7B%22path%22%3A%22%2Fhome%2Fcleitonanjos%2F.cursor-server%2FMetabase%2FDashboards%22%2C%22ref%22%3A%22%22%7D
2025-10-15 10:24:35.731 [info] > git check-ignore -v -z --stdin [2ms]
2025-10-15 10:24:37.554 [info] [Git][getRemotes] No remotes found in the git config file
2025-10-15 10:24:37.555 [info] > git config --get commit.template [2ms]
2025-10-15 10:24:37.563 [info] > git for-each-ref --format=%(refname)%00%(upstream:short)%00%(objectname)%00%(upstream:track)%00%(upstream:remotename)%00%(upstream:remoteref) refs/heads/main refs/remotes/main [2ms]
2025-10-15 10:24:37.563 [warning] [Git][getBranch] No such branch: main
2025-10-15 10:24:37.578 [info] > git for-each-ref --sort -committerdate --format %(refname)%00%(objectname)%00%(*objectname) [2ms]
2025-10-15 10:24:37.593 [info] > git status -z -uall [24ms]
2025-10-15 10:24:37.676 [info] > git rev-parse --abbrev-ref HEAD [5ms]
2025-10-15 10:24:37.676 [info] fatal: ambiguous argument 'HEAD': unknown revision or path not in the working tree.
Use '--' to separate paths from revisions, like this:
'git <command> [<revision>...] -- [<file>...]'
2025-10-15 10:24:38.097 [info] > git rev-parse --show-toplevel [2ms]
2025-10-15 10:24:42.642 [info] [Git][getRemotes] No remotes found in the git config file
2025-10-15 10:24:42.643 [info] > git config --get commit.template [9ms]
2025-10-15 10:24:42.644 [info] > git for-each-ref --format=%(refname)%00%(upstream:short)%00%(objectname)%00%(upstream:track)%00%(upstream:remotename)%00%(upstream:remoteref) refs/heads/main refs/remotes/main [2ms]
2025-10-15 10:24:42.644 [warning] [Git][getBranch] No such branch: main
2025-10-15 10:24:42.658 [info] > git for-each-ref --sort -committerdate --format %(refname)%00%(objectname)%00%(*objectname) [0ms]
2025-10-15 10:24:42.670 [info] > git status -z -uall [21ms]
2025-10-15 10:24:48.567 [info] [Git][getRemotes] No remotes found in the git config file
2025-10-15 10:24:48.567 [info] > git config --get commit.template [8ms]
2025-10-15 10:24:48.568 [info] > git for-each-ref --format=%(refname)%00%(upstream:short)%00%(objectname)%00%(upstream:track)%00%(upstream:remotename)%00%(upstream:remoteref) refs/heads/main refs/remotes/main [2ms]
2025-10-15 10:24:48.568 [warning] [Git][getBranch] No such branch: main
2025-10-15 10:24:48.581 [info] > git for-each-ref --sort -committerdate --format %(refname)%00%(objectname)%00%(*objectname) [1ms]
2025-10-15 10:24:48.596 [info] > git status -z -uall [22ms]
2025-10-15 10:24:53.633 [info] [Git][getRemotes] No remotes found in the git config file
2025-10-15 10:24:53.633 [info] > git config --get commit.template [5ms]
2025-10-15 10:24:53.633 [info] > git for-each-ref --format=%(refname)%00%(upstream:short)%00%(objectname)%00%(upstream:track)%00%(upstream:remotename)%00%(upstream:remoteref) refs/heads/main refs/remotes/main [1ms]
2025-10-15 10:24:53.633 [warning] [Git][getBranch] No such branch: main
2025-10-15 10:24:53.641 [info] > git for-each-ref --sort -committerdate --format %(refname)%00%(objectname)%00%(*objectname) [1ms]
2025-10-15 10:24:53.647 [info] > git status -z -uall [10ms]
2025-10-15 10:24:57.157 [info] > git show --textconv :Metabase/queries [8ms]
2025-10-15 10:24:57.158 [warning] [GitFileSystemProvider][readFile] File not found - git:/home/cleitonanjos/.cursor-server/Metabase/queries.git?%7B%22path%22%3A%22%2Fhome%2Fcleitonanjos%2F.cursor-server%2FMetabase%2Fqueries%22%2C%22ref%22%3A%22%22%7D
2025-10-15 10:24:57.159 [info] > git ls-files --stage -- Metabase/queries [3ms]
2025-10-15 10:24:57.159 [warning] [GitFileSystemProvider][stat] File not found - git:/home/cleitonanjos/.cursor-server/Metabase/queries.git?%7B%22path%22%3A%22%2Fhome%2Fcleitonanjos%2F.cursor-server%2FMetabase%2Fqueries%22%2C%22ref%22%3A%22%22%7D
2025-10-15 10:24:57.450 [info] > git check-ignore -v -z --stdin [1ms]
2025-10-15 10:25:00.735 [info] [Git][getRemotes] No remotes found in the git config file
2025-10-15 10:25:00.735 [info] > git config --get commit.template [7ms]
2025-10-15 10:25:00.736 [info] > git for-each-ref --format=%(refname)%00%(upstream:short)%00%(objectname)%00%(upstream:track)%00%(upstream:remotename)%00%(upstream:remoteref) refs/heads/main refs/remotes/main [2ms]
2025-10-15 10:25:00.736 [warning] [Git][getBranch] No such branch: main
2025-10-15 10:25:00.748 [info] > git for-each-ref --sort -committerdate --format %(refname)%00%(objectname)%00%(*objectname) [1ms]
2025-10-15 10:25:00.764 [info] > git status -z -uall [23ms]
2025-10-15 10:25:00.865 [info] > git rev-parse --abbrev-ref HEAD [10ms]
2025-10-15 10:25:00.866 [info] fatal: ambiguous argument 'HEAD': unknown revision or path not in the working tree.
Use '--' to separate paths from revisions, like this:
'git <command> [<revision>...] -- [<file>...]'
2025-10-15 10:25:01.260 [info] > git rev-parse --show-toplevel [2ms]
2025-10-15 10:25:05.811 [info] [Git][getRemotes] No remotes found in the git config file
2025-10-15 10:25:05.812 [info] > git config --get commit.template [8ms]
2025-10-15 10:25:05.812 [info] > git for-each-ref --format=%(refname)%00%(upstream:short)%00%(objectname)%00%(upstream:track)%00%(upstream:remotename)%00%(upstream:remoteref) refs/heads/main refs/remotes/main [1ms]
2025-10-15 10:25:05.812 [warning] [Git][getBranch] No such branch: main
2025-10-15 10:25:05.825 [info] > git for-each-ref --sort -committerdate --format %(refname)%00%(objectname)%00%(*objectname) [1ms]
2025-10-15 10:25:05.841 [info] > git status -z -uall [23ms]
2025-10-15 10:25:10.875 [info] > git config --get commit.template [1ms]
2025-10-15 10:25:10.881 [info] [Git][getRemotes] No remotes found in the git config file
2025-10-15 10:25:10.882 [info] > git for-each-ref --format=%(refname)%00%(upstream:short)%00%(objectname)%00%(upstream:track)%00%(upstream:remotename)%00%(upstream:remoteref) refs/heads/main refs/remotes/main [1ms]
2025-10-15 10:25:10.882 [warning] [Git][getBranch] No such branch: main
2025-10-15 10:25:10.895 [info] > git for-each-ref --sort -committerdate --format %(refname)%00%(objectname)%00%(*objectname) [1ms]
2025-10-15 10:25:10.905 [info] > git status -z -uall [17ms]
2025-10-15 10:25:16.622 [info] > git config --get commit.template [2ms]
2025-10-15 10:25:16.629 [info] [Git][getRemotes] No remotes found in the git config file
2025-10-15 10:25:16.631 [info] > git for-each-ref --format=%(refname)%00%(upstream:short)%00%(objectname)%00%(upstream:track)%00%(upstream:remotename)%00%(upstream:remoteref) refs/heads/main refs/remotes/main [2ms]
2025-10-15 10:25:16.631 [warning] [Git][getBranch] No such branch: main
2025-10-15 10:25:16.643 [info] > git for-each-ref --sort -committerdate --format %(refname)%00%(objectname)%00%(*objectname) [1ms]
2025-10-15 10:25:16.657 [info] > git status -z -uall [21ms]
2025-10-15 10:25:21.697 [info] [Git][getRemotes] No remotes found in the git config file
2025-10-15 10:25:21.697 [info] > git config --get commit.template [5ms]
2025-10-15 10:25:21.697 [info] > git for-each-ref --format=%(refname)%00%(upstream:short)%00%(objectname)%00%(upstream:track)%00%(upstream:remotename)%00%(upstream:remoteref) refs/heads/main refs/remotes/main [0ms]
2025-10-15 10:25:21.698 [warning] [Git][getBranch] No such branch: main
2025-10-15 10:25:21.706 [info] > git for-each-ref --sort -committerdate --format %(refname)%00%(objectname)%00%(*objectname) [1ms]
2025-10-15 10:25:21.717 [info] > git status -z -uall [15ms]
2025-10-15 10:25:26.763 [info] > git config --get commit.template [1ms]
2025-10-15 10:25:26.772 [info] [Git][getRemotes] No remotes found in the git config file
2025-10-15 10:25:26.773 [info] > git for-each-ref --format=%(refname)%00%(upstream:short)%00%(objectname)%00%(upstream:track)%00%(upstream:remotename)%00%(upstream:remoteref) refs/heads/main refs/remotes/main [1ms]
2025-10-15 10:25:26.774 [warning] [Git][getBranch] No such branch: main
2025-10-15 10:25:26.791 [info] > git for-each-ref --sort -committerdate --format %(refname)%00%(objectname)%00%(*objectname) [1ms]
2025-10-15 10:25:26.800 [info] > git status -z -uall [18ms]
2025-10-15 10:25:34.909 [info] [Git][getRemotes] No remotes found in the git config file
2025-10-15 10:25:34.910 [info] > git config --get commit.template [8ms]
2025-10-15 10:25:34.911 [info] > git for-each-ref --format=%(refname)%00%(upstream:short)%00%(objectname)%00%(upstream:track)%00%(upstream:remotename)%00%(upstream:remoteref) refs/heads/main refs/remotes/main [1ms]
2025-10-15 10:25:34.911 [warning] [Git][getBranch] No such branch: main
2025-10-15 10:25:34.924 [info] > git for-each-ref --sort -committerdate --format %(refname)%00%(objectname)%00%(*objectname) [1ms]
2025-10-15 10:25:34.936 [info] > git status -z -uall [19ms]
2025-10-15 10:25:35.269 [info] > git check-ignore -v -z --stdin [4ms]
2025-10-15 10:25:39.980 [info] > git config --get commit.template [8ms]
2025-10-15 10:25:39.980 [info] [Git][getRemotes] No remotes found in the git config file
2025-10-15 10:25:39.981 [info] > git for-each-ref --format=%(refname)%00%(upstream:short)%00%(objectname)%00%(upstream:track)%00%(upstream:remotename)%00%(upstream:remoteref) refs/heads/main refs/remotes/main [2ms]
2025-10-15 10:25:39.981 [warning] [Git][getBranch] No such branch: main
2025-10-15 10:25:39.997 [info] > git for-each-ref --sort -committerdate --format %(refname)%00%(objectname)%00%(*objectname) [1ms]
2025-10-15 10:25:40.010 [info] > git status -z -uall [21ms]
2025-10-15 10:25:45.051 [info] [Git][getRemotes] No remotes found in the git config file
2025-10-15 10:25:45.051 [info] > git config --get commit.template [9ms]
2025-10-15 10:25:45.052 [info] > git for-each-ref --format=%(refname)%00%(upstream:short)%00%(objectname)%00%(upstream:track)%00%(upstream:remotename)%00%(upstream:remoteref) refs/heads/main refs/remotes/main [1ms]
2025-10-15 10:25:45.052 [warning] [Git][getBranch] No such branch: main
2025-10-15 10:25:45.067 [info] > git for-each-ref --sort -committerdate --format %(refname)%00%(objectname)%00%(*objectname) [1ms]
2025-10-15 10:25:45.084 [info] > git status -z -uall [24ms]
2025-10-15 10:25:50.128 [info] [Git][getRemotes] No remotes found in the git config file
2025-10-15 10:25:50.129 [info] > git config --get commit.template [7ms]
2025-10-15 10:25:50.130 [info] > git for-each-ref --format=%(refname)%00%(upstream:short)%00%(objectname)%00%(upstream:track)%00%(upstream:remotename)%00%(upstream:remoteref) refs/heads/main refs/remotes/main [2ms]
2025-10-15 10:25:50.130 [warning] [Git][getBranch] No such branch: main
2025-10-15 10:25:50.142 [info] > git for-each-ref --sort -committerdate --format %(refname)%00%(objectname)%00%(*objectname) [1ms]
2025-10-15 10:25:50.158 [info] > git status -z -uall [23ms]
2025-10-15 10:25:51.153 [info] > git show --textconv :sqlmesh/models [7ms]
2025-10-15 10:25:51.154 [warning] [GitFileSystemProvider][readFile] File not found - git:/home/cleitonanjos/.cursor-server/sqlmesh/models.git?%7B%22path%22%3A%22%2Fhome%2Fcleitonanjos%2F.cursor-server%2Fsqlmesh%2Fmodels%22%2C%22ref%22%3A%22%22%7D
2025-10-15 10:25:51.155 [info] > git ls-files --stage -- sqlmesh/models [3ms]
2025-10-15 10:25:51.155 [warning] [GitFileSystemProvider][stat] File not found - git:/home/cleitonanjos/.cursor-server/sqlmesh/models.git?%7B%22path%22%3A%22%2Fhome%2Fcleitonanjos%2F.cursor-server%2Fsqlmesh%2Fmodels%22%2C%22ref%22%3A%22%22%7D
2025-10-15 10:25:51.419 [info] > git check-ignore -v -z --stdin [2ms]
2025-10-15 10:26:01.702 [info] > git config --get commit.template [1ms]
2025-10-15 10:26:01.709 [info] [Git][getRemotes] No remotes found in the git config file
2025-10-15 10:26:01.710 [info] > git for-each-ref --format=%(refname)%00%(upstream:short)%00%(objectname)%00%(upstream:track)%00%(upstream:remotename)%00%(upstream:remoteref) refs/heads/main refs/remotes/main [1ms]
2025-10-15 10:26:01.711 [warning] [Git][getBranch] No such branch: main
2025-10-15 10:26:01.724 [info] > git for-each-ref --sort -committerdate --format %(refname)%00%(objectname)%00%(*objectname) [1ms]
2025-10-15 10:26:01.737 [info] > git status -z -uall [21ms]
2025-10-15 10:26:01.777 [info] > git rev-parse --abbrev-ref HEAD [0ms]
2025-10-15 10:26:01.777 [info] fatal: ambiguous argument 'HEAD': unknown revision or path not in the working tree.
Use '--' to separate paths from revisions, like this:
'git <command> [<revision>...] -- [<file>...]'
2025-10-15 10:26:02.247 [info] > git rev-parse --show-toplevel [1ms]
2025-10-15 10:26:03.233 [info] > git show --textconv :sqlmesh/tests [16ms]
2025-10-15 10:26:03.233 [info] > git ls-files --stage -- sqlmesh/tests [9ms]
2025-10-15 10:26:03.234 [warning] [GitFileSystemProvider][stat] File not found - git:/home/cleitonanjos/.cursor-server/sqlmesh/tests.git?%7B%22path%22%3A%22%2Fhome%2Fcleitonanjos%2F.cursor-server%2Fsqlmesh%2Ftests%22%2C%22ref%22%3A%22%22%7D
2025-10-15 10:26:03.235 [warning] [GitFileSystemProvider][readFile] File not found - git:/home/cleitonanjos/.cursor-server/sqlmesh/tests.git?%7B%22path%22%3A%22%2Fhome%2Fcleitonanjos%2F.cursor-server%2Fsqlmesh%2Ftests%22%2C%22ref%22%3A%22%22%7D
2025-10-15 10:26:03.512 [info] > git check-ignore -v -z --stdin [4ms]
2025-10-15 10:26:08.855 [info] > git config --get commit.template [2ms]
2025-10-15 10:26:08.862 [info] [Git][getRemotes] No remotes found in the git config file
2025-10-15 10:26:08.862 [info] > git for-each-ref --format=%(refname)%00%(upstream:short)%00%(objectname)%00%(upstream:track)%00%(upstream:remotename)%00%(upstream:remoteref) refs/heads/main refs/remotes/main [1ms]
2025-10-15 10:26:08.863 [warning] [Git][getBranch] No such branch: main
2025-10-15 10:26:08.875 [info] > git for-each-ref --sort -committerdate --format %(refname)%00%(objectname)%00%(*objectname) [0ms]
2025-10-15 10:26:08.887 [info] > git status -z -uall [19ms]
2025-10-15 10:26:08.968 [info] > git rev-parse --abbrev-ref HEAD [1ms]
2025-10-15 10:26:08.968 [info] fatal: ambiguous argument 'HEAD': unknown revision or path not in the working tree.
Use '--' to separate paths from revisions, like this:
'git <command> [<revision>...] -- [<file>...]'
2025-10-15 10:26:09.402 [info] > git rev-parse --show-toplevel [4ms]
2025-10-15 10:26:13.927 [info] [Git][getRemotes] No remotes found in the git config file
2025-10-15 10:26:13.927 [info] > git config --get commit.template [7ms]
2025-10-15 10:26:13.928 [info] > git for-each-ref --format=%(refname)%00%(upstream:short)%00%(objectname)%00%(upstream:track)%00%(upstream:remotename)%00%(upstream:remoteref) refs/heads/main refs/remotes/main [2ms]
2025-10-15 10:26:13.928 [warning] [Git][getBranch] No such branch: main
2025-10-15 10:26:13.939 [info] > git for-each-ref --sort -committerdate --format %(refname)%00%(objectname)%00%(*objectname) [1ms]
2025-10-15 10:26:13.959 [info] > git status -z -uall [26ms]
2025-10-15 10:26:19.008 [info] > git config --get commit.template [1ms]
2025-10-15 10:26:19.012 [info] [Git][getRemotes] No remotes found in the git config file
2025-10-15 10:26:19.012 [info] > git for-each-ref --format=%(refname)%00%(upstream:short)%00%(objectname)%00%(upstream:track)%00%(upstream:remotename)%00%(upstream:remoteref) refs/heads/main refs/remotes/main [0ms]
2025-10-15 10:26:19.012 [warning] [Git][getBranch] No such branch: main
2025-10-15 10:26:19.020 [info] > git for-each-ref --sort -committerdate --format %(refname)%00%(objectname)%00%(*objectname) [2ms]
2025-10-15 10:26:19.033 [info] > git status -z -uall [18ms]
2025-10-15 10:26:24.121 [info] > git config --get commit.template [1ms]
2025-10-15 10:26:24.124 [info] [Git][getRemotes] No remotes found in the git config file
2025-10-15 10:26:24.125 [info] > git for-each-ref --format=%(refname)%00%(upstream:short)%00%(objectname)%00%(upstream:track)%00%(upstream:remotename)%00%(upstream:remoteref) refs/heads/main refs/remotes/main [1ms]
2025-10-15 10:26:24.125 [warning] [Git][getBranch] No such branch: main
2025-10-15 10:26:24.136 [info] > git for-each-ref --sort -committerdate --format %(refname)%00%(objectname)%00%(*objectname) [0ms]
2025-10-15 10:26:24.149 [info] > git status -z -uall [19ms]
2025-10-15 10:26:29.193 [info] > git config --get commit.template [1ms]
2025-10-15 10:26:29.199 [info] [Git][getRemotes] No remotes found in the git config file
2025-10-15 10:26:29.200 [info] > git for-each-ref --format=%(refname)%00%(upstream:short)%00%(objectname)%00%(upstream:track)%00%(upstream:remotename)%00%(upstream:remoteref) refs/heads/main refs/remotes/main [2ms]
2025-10-15 10:26:29.200 [warning] [Git][getBranch] No such branch: main
2025-10-15 10:26:29.212 [info] > git for-each-ref --sort -committerdate --format %(refname)%00%(objectname)%00%(*objectname) [0ms]
2025-10-15 10:26:29.223 [info] > git status -z -uall [17ms]
2025-10-15 10:26:34.259 [info] > git config --get commit.template [2ms]
2025-10-15 10:26:34.264 [info] [Git][getRemotes] No remotes found in the git config file
2025-10-15 10:26:34.265 [info] > git for-each-ref --format=%(refname)%00%(upstream:short)%00%(objectname)%00%(upstream:track)%00%(upstream:remotename)%00%(upstream:remoteref) refs/heads/main refs/remotes/main [1ms]
2025-10-15 10:26:34.265 [warning] [Git][getBranch] No such branch: main
2025-10-15 10:26:34.281 [info] > git for-each-ref --sort -committerdate --format %(refname)%00%(objectname)%00%(*objectname) [2ms]
2025-10-15 10:26:34.290 [info] > git status -z -uall [20ms]
2025-10-15 10:26:40.883 [info] > git check-ignore -v -z --stdin [2ms]
2025-10-15 10:26:41.570 [info] > git config --get commit.template [1ms]
2025-10-15 10:26:41.575 [info] [Git][getRemotes] No remotes found in the git config file
2025-10-15 10:26:41.576 [info] > git for-each-ref --format=%(refname)%00%(upstream:short)%00%(objectname)%00%(upstream:track)%00%(upstream:remotename)%00%(upstream:remoteref) refs/heads/main refs/remotes/main [1ms]
2025-10-15 10:26:41.576 [warning] [Git][getBranch] No such branch: main
2025-10-15 10:26:41.587 [info] > git for-each-ref --sort -committerdate --format %(refname)%00%(objectname)%00%(*objectname) [3ms]
2025-10-15 10:26:41.593 [info] > git status -z -uall [13ms]
2025-10-15 10:26:45.931 [info] > git check-ignore -v -z --stdin [1ms]
2025-10-15 10:26:47.026 [info] [Git][getRemotes] No remotes found in the git config file
2025-10-15 10:26:47.032 [info] > git config --get commit.template [7ms]
2025-10-15 10:26:47.034 [info] > git for-each-ref --format=%(refname)%00%(upstream:short)%00%(objectname)%00%(upstream:track)%00%(upstream:remotename)%00%(upstream:remoteref) refs/heads/main refs/remotes/main [3ms]
2025-10-15 10:26:47.034 [warning] [Git][getBranch] No such branch: main
2025-10-15 10:26:47.047 [info] > git for-each-ref --sort -committerdate --format %(refname)%00%(objectname)%00%(*objectname) [1ms]
2025-10-15 10:26:47.060 [info] > git status -z -uall [20ms]
2025-10-15 10:26:52.100 [info] [Git][getRemotes] No remotes found in the git config file
2025-10-15 10:26:52.106 [info] > git config --get commit.template [8ms]
2025-10-15 10:26:52.107 [info] > git for-each-ref --format=%(refname)%00%(upstream:short)%00%(objectname)%00%(upstream:track)%00%(upstream:remotename)%00%(upstream:remoteref) refs/heads/main refs/remotes/main [2ms]
2025-10-15 10:26:52.107 [warning] [Git][getBranch] No such branch: main
2025-10-15 10:26:52.122 [info] > git for-each-ref --sort -committerdate --format %(refname)%00%(objectname)%00%(*objectname) [2ms]
2025-10-15 10:26:52.131 [info] > git status -z -uall [19ms]
2025-10-15 10:26:52.168 [info] > git show --textconv :Analytics-repo/sqlmesh/tests [6ms]
2025-10-15 10:26:52.168 [info] > git ls-files --stage -- Analytics-repo/sqlmesh/tests [1ms]
2025-10-15 10:26:52.169 [warning] [GitFileSystemProvider][stat] File not found - git:/home/cleitonanjos/.cursor-server/Analytics-repo/sqlmesh/tests.git?%7B%22path%22%3A%22%2Fhome%2Fcleitonanjos%2F.cursor-server%2FAnalytics-repo%2Fsqlmesh%2Ftests%22%2C%22ref%22%3A%22%22%7D
2025-10-15 10:26:52.169 [warning] [GitFileSystemProvider][readFile] File not found - git:/home/cleitonanjos/.cursor-server/Analytics-repo/sqlmesh/tests.git?%7B%22path%22%3A%22%2Fhome%2Fcleitonanjos%2F.cursor-server%2FAnalytics-repo%2Fsqlmesh%2Ftests%22%2C%22ref%22%3A%22%22%7D
2025-10-15 10:26:52.475 [info] > git check-ignore -v -z --stdin [4ms]
2025-10-15 10:26:57.171 [info] [Git][getRemotes] No remotes found in the git config file
2025-10-15 10:26:57.171 [info] > git config --get commit.template [5ms]
2025-10-15 10:26:57.172 [info] > git for-each-ref --format=%(refname)%00%(upstream:short)%00%(objectname)%00%(upstream:track)%00%(upstream:remotename)%00%(upstream:remoteref) refs/heads/main refs/remotes/main [1ms]
2025-10-15 10:26:57.172 [warning] [Git][getBranch] No such branch: main
2025-10-15 10:26:57.186 [info] > git for-each-ref --sort -committerdate --format %(refname)%00%(objectname)%00%(*objectname) [2ms]
2025-10-15 10:26:57.202 [info] > git status -z -uall [25ms]
2025-10-15 10:27:02.242 [info] [Git][getRemotes] No remotes found in the git config file
2025-10-15 10:27:02.242 [info] > git config --get commit.template [7ms]
2025-10-15 10:27:02.243 [info] > git for-each-ref --format=%(refname)%00%(upstream:short)%00%(objectname)%00%(upstream:track)%00%(upstream:remotename)%00%(upstream:remoteref) refs/heads/main refs/remotes/main [2ms]
2025-10-15 10:27:02.244 [warning] [Git][getBranch] No such branch: main
2025-10-15 10:27:02.256 [info] > git for-each-ref --sort -committerdate --format %(refname)%00%(objectname)%00%(*objectname) [1ms]
2025-10-15 10:27:02.268 [info] > git status -z -uall [18ms]
2025-10-15 10:27:02.659 [info] > git show --textconv :Analytics-repo/docs [8ms]
2025-10-15 10:27:02.660 [warning] [GitFileSystemProvider][readFile] File not found - git:/home/cleitonanjos/.cursor-server/Analytics-repo/docs.git?%7B%22path%22%3A%22%2Fhome%2Fcleitonanjos%2F.cursor-server%2FAnalytics-repo%2Fdocs%22%2C%22ref%22%3A%22%22%7D
2025-10-15 10:27:02.661 [info] > git ls-files --stage -- Analytics-repo/docs [3ms]
2025-10-15 10:27:02.662 [warning] [GitFileSystemProvider][stat] File not found - git:/home/cleitonanjos/.cursor-server/Analytics-repo/docs.git?%7B%22path%22%3A%22%2Fhome%2Fcleitonanjos%2F.cursor-server%2FAnalytics-repo%2Fdocs%22%2C%22ref%22%3A%22%22%7D
2025-10-15 10:27:02.856 [info] > git check-ignore -v -z --stdin [3ms]
2025-10-15 10:27:07.318 [info] [Git][getRemotes] No remotes found in the git config file
2025-10-15 10:27:07.319 [info] > git config --get commit.template [9ms]
2025-10-15 10:27:07.321 [info] > git for-each-ref --format=%(refname)%00%(upstream:short)%00%(objectname)%00%(upstream:track)%00%(upstream:remotename)%00%(upstream:remoteref) refs/heads/main refs/remotes/main [3ms]
2025-10-15 10:27:07.321 [warning] [Git][getBranch] No such branch: main
2025-10-15 10:27:07.334 [info] > git for-each-ref --sort -committerdate --format %(refname)%00%(objectname)%00%(*objectname) [1ms]
2025-10-15 10:27:07.346 [info] > git status -z -uall [19ms]
2025-10-15 10:27:07.426 [info] > git rev-parse --abbrev-ref HEAD [1ms]
2025-10-15 10:27:07.426 [info] fatal: ambiguous argument 'HEAD': unknown revision or path not in the working tree.
Use '--' to separate paths from revisions, like this:
'git <command> [<revision>...] -- [<file>...]'
2025-10-15 10:27:07.854 [info] > git rev-parse --show-toplevel [2ms]
2025-10-15 10:27:12.382 [info] > git config --get commit.template [1ms]
2025-10-15 10:27:12.388 [info] [Git][getRemotes] No remotes found in the git config file
2025-10-15 10:27:12.388 [info] > git for-each-ref --format=%(refname)%00%(upstream:short)%00%(objectname)%00%(upstream:track)%00%(upstream:remotename)%00%(upstream:remoteref) refs/heads/main refs/remotes/main [1ms]
2025-10-15 10:27:12.388 [warning] [Git][getBranch] No such branch: main
2025-10-15 10:27:12.401 [info] > git for-each-ref --sort -committerdate --format %(refname)%00%(objectname)%00%(*objectname) [1ms]
2025-10-15 10:27:12.411 [info] > git status -z -uall [17ms]
2025-10-15 10:27:19.695 [info] > git config --get commit.template [1ms]
2025-10-15 10:27:19.702 [info] [Git][getRemotes] No remotes found in the git config file
2025-10-15 10:27:19.704 [info] > git for-each-ref --format=%(refname)%00%(upstream:short)%00%(objectname)%00%(upstream:track)%00%(upstream:remotename)%00%(upstream:remoteref) refs/heads/main refs/remotes/main [3ms]
2025-10-15 10:27:19.704 [warning] [Git][getBranch] No such branch: main
2025-10-15 10:27:19.712 [info] > git for-each-ref --sort -committerdate --format %(refname)%00%(objectname)%00%(*objectname) [1ms]
2025-10-15 10:27:19.719 [info] > git status -z -uall [12ms]
2025-10-15 10:27:20.122 [info] > git rev-parse --abbrev-ref HEAD [11ms]
2025-10-15 10:27:20.122 [info] fatal: ambiguous argument 'HEAD': unknown revision or path not in the working tree.
Use '--' to separate paths from revisions, like this:
'git <command> [<revision>...] -- [<file>...]'
2025-10-15 10:27:20.257 [info] > git check-ignore -v -z --stdin [4ms]
2025-10-15 10:27:20.285 [info] > git rev-parse --show-toplevel [1ms]
2025-10-15 10:27:25.341 [info] > git config --get commit.template [1ms]
2025-10-15 10:27:25.348 [info] [Git][getRemotes] No remotes found in the git config file
2025-10-15 10:27:25.348 [info] > git for-each-ref --format=%(refname)%00%(upstream:short)%00%(objectname)%00%(upstream:track)%00%(upstream:remotename)%00%(upstream:remoteref) refs/heads/main refs/remotes/main [1ms]
2025-10-15 10:27:25.349 [warning] [Git][getBranch] No such branch: main
2025-10-15 10:27:25.360 [info] > git for-each-ref --sort -committerdate --format %(refname)%00%(objectname)%00%(*objectname) [0ms]
2025-10-15 10:27:25.368 [info] > git status -z -uall [15ms]
2025-10-15 10:27:25.413 [info] > git rev-parse --abbrev-ref HEAD [3ms]
2025-10-15 10:27:25.414 [info] fatal: ambiguous argument 'HEAD': unknown revision or path not in the working tree.
Use '--' to separate paths from revisions, like this:
'git <command> [<revision>...] -- [<file>...]'
2025-10-15 10:27:25.884 [info] > git rev-parse --show-toplevel [2ms]
2025-10-15 10:27:30.411 [info] [Git][getRemotes] No remotes found in the git config file
2025-10-15 10:27:30.411 [info] > git config --get commit.template [7ms]
2025-10-15 10:27:30.412 [info] > git for-each-ref --format=%(refname)%00%(upstream:short)%00%(objectname)%00%(upstream:track)%00%(upstream:remotename)%00%(upstream:remoteref) refs/heads/main refs/remotes/main [2ms]
2025-10-15 10:27:30.412 [warning] [Git][getBranch] No such branch: main
2025-10-15 10:27:30.424 [info] > git for-each-ref --sort -committerdate --format %(refname)%00%(objectname)%00%(*objectname) [1ms]
2025-10-15 10:27:30.440 [info] > git status -z -uall [23ms]
2025-10-15 10:27:35.496 [info] [Git][getRemotes] No remotes found in the git config file
2025-10-15 10:27:35.496 [info] > git config --get commit.template [10ms]
2025-10-15 10:27:35.498 [info] > git for-each-ref --format=%(refname)%00%(upstream:short)%00%(objectname)%00%(upstream:track)%00%(upstream:remotename)%00%(upstream:remoteref) refs/heads/main refs/remotes/main [3ms]
2025-10-15 10:27:35.498 [warning] [Git][getBranch] No such branch: main
2025-10-15 10:27:35.511 [info] > git for-each-ref --sort -committerdate --format %(refname)%00%(objectname)%00%(*objectname) [1ms]
2025-10-15 10:27:35.521 [info] > git status -z -uall [17ms]
2025-10-15 10:27:54.210 [info] [Git][getRemotes] No remotes found in the git config file
2025-10-15 10:27:54.223 [info] > git config --get commit.template [17ms]
2025-10-15 10:27:54.223 [info] > git for-each-ref --format=%(refname)%00%(upstream:short)%00%(objectname)%00%(upstream:track)%00%(upstream:remotename)%00%(upstream:remoteref) refs/heads/main refs/remotes/main [14ms]
2025-10-15 10:27:54.223 [warning] [Git][getBranch] No such branch: main
2025-10-15 10:27:54.234 [info] > git for-each-ref --sort -committerdate --format %(refname)%00%(objectname)%00%(*objectname) [1ms]
2025-10-15 10:27:54.409 [info] > git status -z -uall [181ms]
2025-10-15 10:29:08.593 [info] > git rev-parse --show-toplevel [6ms]
2025-10-15 10:32:11.611 [info] [Git][getRemotes] No remotes found in the git config file
2025-10-15 10:32:11.612 [info] > git for-each-ref --format=%(refname)%00%(upstream:short)%00%(objectname)%00%(upstream:track)%00%(upstream:remotename)%00%(upstream:remoteref) refs/heads/main refs/remotes/main [1ms]
2025-10-15 10:32:11.612 [warning] [Git][getBranch] No such branch: main
2025-10-15 10:32:11.612 [info] > git config --get commit.template [10ms]
2025-10-15 10:32:11.620 [info] > git for-each-ref --sort -committerdate --format %(refname)%00%(objectname)%00%(*objectname) [1ms]
2025-10-15 10:32:11.631 [info] > git status -z -uall [15ms]
2025-10-15 10:32:47.411 [info] [Git][getRemotes] No remotes found in the git config file
2025-10-15 10:32:47.412 [info] > git for-each-ref --format=%(refname)%00%(upstream:short)%00%(objectname)%00%(upstream:track)%00%(upstream:remotename)%00%(upstream:remoteref) refs/heads/main refs/remotes/main [1ms]
2025-10-15 10:32:47.412 [warning] [Git][getBranch] No such branch: main
2025-10-15 10:32:47.412 [info] > git config --get commit.template [6ms]
2025-10-15 10:32:47.421 [info] > git for-each-ref --sort -committerdate --format %(refname)%00%(objectname)%00%(*objectname) [0ms]
2025-10-15 10:32:47.446 [info] > git status -z -uall [30ms]
2025-10-15 10:32:52.514 [info] [Git][getRemotes] No remotes found in the git config file
2025-10-15 10:32:52.516 [info] > git config --get commit.template [10ms]
2025-10-15 10:32:52.516 [info] > git for-each-ref --format=%(refname)%00%(upstream:short)%00%(objectname)%00%(upstream:track)%00%(upstream:remotename)%00%(upstream:remoteref) refs/heads/main refs/remotes/main [2ms]
2025-10-15 10:32:52.516 [warning] [Git][getBranch] No such branch: main
2025-10-15 10:32:52.531 [info] > git for-each-ref --sort -committerdate --format %(refname)%00%(objectname)%00%(*objectname) [2ms]
2025-10-15 10:32:52.542 [info] > git status -z -uall [19ms]
2025-10-15 10:33:04.684 [info] [Git][getRemotes] No remotes found in the git config file
2025-10-15 10:33:04.687 [info] > git for-each-ref --format=%(refname)%00%(upstream:short)%00%(objectname)%00%(upstream:track)%00%(upstream:remotename)%00%(upstream:remoteref) refs/heads/main refs/remotes/main [5ms]
2025-10-15 10:33:04.688 [warning] [Git][getBranch] No such branch: main
2025-10-15 10:33:04.688 [info] > git config --get commit.template [32ms]
2025-10-15 10:33:04.717 [info] > git for-each-ref --sort -committerdate --format %(refname)%00%(objectname)%00%(*objectname) [3ms]
2025-10-15 10:33:04.758 [info] > git status -z -uall [57ms]
2025-10-15 10:33:09.822 [info] [Git][getRemotes] No remotes found in the git config file
2025-10-15 10:33:09.823 [info] > git config --get commit.template [10ms]
2025-10-15 10:33:09.824 [info] > git for-each-ref --format=%(refname)%00%(upstream:short)%00%(objectname)%00%(upstream:track)%00%(upstream:remotename)%00%(upstream:remoteref) refs/heads/main refs/remotes/main [3ms]
2025-10-15 10:33:09.824 [warning] [Git][getBranch] No such branch: main
2025-10-15 10:33:09.838 [info] > git for-each-ref --sort -committerdate --format %(refname)%00%(objectname)%00%(*objectname) [1ms]
2025-10-15 10:33:09.855 [info] > git status -z -uall [25ms]
2025-10-15 10:33:14.899 [info] [Git][getRemotes] No remotes found in the git config file
2025-10-15 10:33:14.900 [info] > git config --get commit.template [7ms]
2025-10-15 10:33:14.901 [info] > git for-each-ref --format=%(refname)%00%(upstream:short)%00%(objectname)%00%(upstream:track)%00%(upstream:remotename)%00%(upstream:remoteref) refs/heads/main refs/remotes/main [2ms]
2025-10-15 10:33:14.901 [warning] [Git][getBranch] No such branch: main
2025-10-15 10:33:14.913 [info] > git for-each-ref --sort -committerdate --format %(refname)%00%(objectname)%00%(*objectname) [2ms]
2025-10-15 10:33:14.931 [info] > git status -z -uall [24ms]
2025-10-15 10:33:23.568 [info] > git config --get commit.template [2ms]
2025-10-15 10:33:23.580 [info] [Git][getRemotes] No remotes found in the git config file
2025-10-15 10:33:23.581 [info] > git for-each-ref --format=%(refname)%00%(upstream:short)%00%(objectname)%00%(upstream:track)%00%(upstream:remotename)%00%(upstream:remoteref) refs/heads/main refs/remotes/main [2ms]
2025-10-15 10:33:23.581 [warning] [Git][getBranch] No such branch: main
2025-10-15 10:33:23.603 [info] > git for-each-ref --sort -committerdate --format %(refname)%00%(objectname)%00%(*objectname) [3ms]
2025-10-15 10:33:23.628 [info] > git status -z -uall [39ms]
2025-10-15 10:33:28.723 [info] [Git][getRemotes] No remotes found in the git config file
2025-10-15 10:33:28.723 [info] > git config --get commit.template [7ms]
2025-10-15 10:33:28.724 [info] > git for-each-ref --format=%(refname)%00%(upstream:short)%00%(objectname)%00%(upstream:track)%00%(upstream:remotename)%00%(upstream:remoteref) refs/heads/main refs/remotes/main [1ms]
2025-10-15 10:33:28.724 [warning] [Git][getBranch] No such branch: main
2025-10-15 10:33:28.736 [info] > git for-each-ref --sort -committerdate --format %(refname)%00%(objectname)%00%(*objectname) [2ms]
2025-10-15 10:33:28.747 [info] > git status -z -uall [18ms]
2025-10-15 10:33:33.779 [info] > git config --get commit.template [1ms]
2025-10-15 10:33:33.784 [info] [Git][getRemotes] No remotes found in the git config file
2025-10-15 10:33:33.785 [info] > git for-each-ref --format=%(refname)%00%(upstream:short)%00%(objectname)%00%(upstream:track)%00%(upstream:remotename)%00%(upstream:remoteref) refs/heads/main refs/remotes/main [1ms]
2025-10-15 10:33:33.785 [warning] [Git][getBranch] No such branch: main
2025-10-15 10:33:33.792 [info] > git for-each-ref --sort -committerdate --format %(refname)%00%(objectname)%00%(*objectname) [1ms]
2025-10-15 10:33:33.801 [info] > git status -z -uall [13ms]
2025-10-15 10:33:42.215 [info] > git config --get commit.template [1ms]
2025-10-15 10:33:42.224 [info] [Git][getRemotes] No remotes found in the git config file
2025-10-15 10:33:42.226 [info] > git for-each-ref --format=%(refname)%00%(upstream:short)%00%(objectname)%00%(upstream:track)%00%(upstream:remotename)%00%(upstream:remoteref) refs/heads/main refs/remotes/main [3ms]
2025-10-15 10:33:42.226 [warning] [Git][getBranch] No such branch: main
2025-10-15 10:33:42.245 [info] > git for-each-ref --sort -committerdate --format %(refname)%00%(objectname)%00%(*objectname) [3ms]
2025-10-15 10:33:42.273 [info] > git status -z -uall [41ms]
2025-10-15 10:33:47.319 [info] > git config --get commit.template [2ms]
2025-10-15 10:33:47.326 [info] [Git][getRemotes] No remotes found in the git config file
2025-10-15 10:33:47.327 [info] > git for-each-ref --format=%(refname)%00%(upstream:short)%00%(objectname)%00%(upstream:track)%00%(upstream:remotename)%00%(upstream:remoteref) refs/heads/main refs/remotes/main [1ms]
2025-10-15 10:33:47.328 [warning] [Git][getBranch] No such branch: main
2025-10-15 10:33:47.341 [info] > git for-each-ref --sort -committerdate --format %(refname)%00%(objectname)%00%(*objectname) [2ms]
2025-10-15 10:33:47.354 [info] > git status -z -uall [21ms]
2025-10-15 10:33:52.401 [info] [Git][getRemotes] No remotes found in the git config file
2025-10-15 10:33:52.401 [info] > git config --get commit.template [10ms]
2025-10-15 10:33:52.402 [info] > git for-each-ref --format=%(refname)%00%(upstream:short)%00%(objectname)%00%(upstream:track)%00%(upstream:remotename)%00%(upstream:remoteref) refs/heads/main refs/remotes/main [1ms]
2025-10-15 10:33:52.402 [warning] [Git][getBranch] No such branch: main
2025-10-15 10:33:52.419 [info] > git for-each-ref --sort -committerdate --format %(refname)%00%(objectname)%00%(*objectname) [1ms]
2025-10-15 10:33:52.437 [info] > git status -z -uall [29ms]
2025-10-15 10:33:57.506 [info] > git config --get commit.template [1ms]
2025-10-15 10:33:57.512 [info] [Git][getRemotes] No remotes found in the git config file
2025-10-15 10:33:57.514 [info] > git for-each-ref --format=%(refname)%00%(upstream:short)%00%(objectname)%00%(upstream:track)%00%(upstream:remotename)%00%(upstream:remoteref) refs/heads/main refs/remotes/main [2ms]
2025-10-15 10:33:57.514 [warning] [Git][getBranch] No such branch: main
2025-10-15 10:33:57.526 [info] > git for-each-ref --sort -committerdate --format %(refname)%00%(objectname)%00%(*objectname) [1ms]
2025-10-15 10:33:57.540 [info] > git status -z -uall [21ms]
2025-10-15 10:34:02.579 [info] [Git][getRemotes] No remotes found in the git config file
2025-10-15 10:34:02.591 [info] > git config --get commit.template [13ms]
2025-10-15 10:34:02.592 [info] > git for-each-ref --format=%(refname)%00%(upstream:short)%00%(objectname)%00%(upstream:track)%00%(upstream:remotename)%00%(upstream:remoteref) refs/heads/main refs/remotes/main [4ms]
2025-10-15 10:34:02.592 [warning] [Git][getBranch] No such branch: main
2025-10-15 10:34:02.616 [info] > git for-each-ref --sort -committerdate --format %(refname)%00%(objectname)%00%(*objectname) [2ms]
2025-10-15 10:34:02.633 [info] > git status -z -uall [30ms]
2025-10-15 10:34:06.405 [info] > git rev-parse --show-toplevel [2ms]
2025-10-15 10:34:06.793 [info] > git config user.email [2ms]
2025-10-15 10:34:06.803 [info] > git config user.name [2ms]
2025-10-15 10:34:06.820 [info] > git log --pretty=format:%H<|ENT|><|RY|>%s<|COM|><|MIT|> -n 10 --author cleitonanjos [5ms]
2025-10-15 10:34:06.820 [info] fatal: your current branch 'main' does not have any commits yet
2025-10-15 10:34:07.678 [info] [Git][getRemotes] No remotes found in the git config file
2025-10-15 10:34:07.679 [info] > git config --get commit.template [7ms]
2025-10-15 10:34:07.680 [info] > git for-each-ref --format=%(refname)%00%(upstream:short)%00%(objectname)%00%(upstream:track)%00%(upstream:remotename)%00%(upstream:remoteref) refs/heads/main refs/remotes/main [2ms]
2025-10-15 10:34:07.680 [warning] [Git][getBranch] No such branch: main
2025-10-15 10:34:07.692 [info] > git for-each-ref --sort -committerdate --format %(refname)%00%(objectname)%00%(*objectname) [0ms]
2025-10-15 10:34:07.700 [info] > git status -z -uall [15ms]
2025-10-15 10:34:15.876 [info] > git config --get commit.template [1ms]
2025-10-15 10:34:15.883 [info] [Git][getRemotes] No remotes found in the git config file
2025-10-15 10:34:15.884 [info] > git for-each-ref --format=%(refname)%00%(upstream:short)%00%(objectname)%00%(upstream:track)%00%(upstream:remotename)%00%(upstream:remoteref) refs/heads/main refs/remotes/main [2ms]
2025-10-15 10:34:15.884 [warning] [Git][getBranch] No such branch: main
2025-10-15 10:34:15.896 [info] > git for-each-ref --sort -committerdate --format %(refname)%00%(objectname)%00%(*objectname) [0ms]
2025-10-15 10:34:15.908 [info] > git status -z -uall [17ms]
2025-10-15 10:34:20.943 [info] [Git][getRemotes] No remotes found in the git config file
2025-10-15 10:34:20.949 [info] > git config --get commit.template [6ms]
2025-10-15 10:34:20.950 [info] > git for-each-ref --format=%(refname)%00%(upstream:short)%00%(objectname)%00%(upstream:track)%00%(upstream:remotename)%00%(upstream:remoteref) refs/heads/main refs/remotes/main [1ms]
2025-10-15 10:34:20.951 [warning] [Git][getBranch] No such branch: main
2025-10-15 10:34:20.963 [info] > git for-each-ref --sort -committerdate --format %(refname)%00%(objectname)%00%(*objectname) [1ms]
2025-10-15 10:34:20.978 [info] > git status -z -uall [21ms]
2025-10-15 10:34:22.526 [info] > git log --format=%H%n%aN%n%aE%n%at%n%ct%n%P%n%D%n%B -z --shortstat --diff-merges=first-parent -n50 --skip=0 --topo-order --decorate=full --stdin [1ms]
2025-10-15 10:34:22.526 [info] fatal: bad revision 'refs/heads/main'
2025-10-15 10:34:22.526 [error] [GitHistoryProvider][provideHistoryItems] Failed to get history items with options '{"historyItemRefs":["refs/heads/main"],"limit":50,"skip":0}': Failed to execute git {
  "exitCode": 128,
  "gitCommand": "log",
  "stdout": "",
  "stderr": "fatal: bad revision 'refs/heads/main'\n"
}
2025-10-15 10:34:26.012 [info] > git config --get commit.template [1ms]
2025-10-15 10:34:26.012 [info] [Git][getRemotes] No remotes found in the git config file
2025-10-15 10:34:26.016 [info] > git for-each-ref --format=%(refname)%00%(upstream:short)%00%(objectname)%00%(upstream:track)%00%(upstream:remotename)%00%(upstream:remoteref) refs/heads/main refs/remotes/main [0ms]
2025-10-15 10:34:26.016 [warning] [Git][getBranch] No such branch: main
2025-10-15 10:34:26.023 [info] > git for-each-ref --sort -committerdate --format %(refname)%00%(objectname)%00%(*objectname) [1ms]
2025-10-15 10:34:26.031 [info] > git status -z -uall [12ms]
2025-10-15 10:35:12.140 [info] [Git][getRemotes] No remotes found in the git config file
2025-10-15 10:35:12.164 [info] > git config --get commit.template [32ms]
2025-10-15 10:35:12.164 [info] > git for-each-ref --format=%(refname)%00%(upstream:short)%00%(objectname)%00%(upstream:track)%00%(upstream:remotename)%00%(upstream:remoteref) refs/heads/main refs/remotes/main [8ms]
2025-10-15 10:35:12.164 [warning] [Git][getBranch] No such branch: main
2025-10-15 10:35:12.183 [info] > git for-each-ref --sort -committerdate --format %(refname)%00%(objectname)%00%(*objectname) [2ms]
2025-10-15 10:35:12.469 [info] > git status -z -uall [298ms]
